<?xml version="1.0" encoding="UTF-8"?>
<testsuite name="command.CommandTest" tests="2" skipped="0" failures="0" errors="0" timestamp="2019-08-13T14:58:00" hostname="SKY-20180106UMA" time="0.009">
  <properties/>
  <testcase name="should_return_GarageDoor_is_open_when_given_garageDoor_on_command" classname="command.CommandTest" time="0.006"/>
  <testcase name="should_return_Light_is_on_when_given_ligh_on_command" classname="command.CommandTest" time="0.003"/>
  <system-out><![CDATA[]]></system-out>
  <system-err><![CDATA[]]></system-err>
</testsuite>
